[13:46:26] [main/INFO] (FabricLoader) Loading for game Minecraft 1.16.3
[13:46:26] [main/INFO] (Fabric|Loader) [FabricLoader] Loading 41 mods: minecraft@1.16.3, fabric-networking-blockentity-v0@0.2.5+b50ffc7b95, fabric-renderer-api-v1@0.3.0+8bcfced895, fabric-screen-handler-api-v1@1.1.0+8724984195, fabric-keybindings-v0@0.2.0+3fa9f7c595, fabric-command-api-v1@1.0.8+5ce5339895, fabricloader@0.9.3+build.207, launchersmod@3.1.4, fabric-tool-attribute-api-v1@1.2.2+ccce563e95, fabric-renderer-indigo@0.4.0+8bcfced895, fabric-structure-api-v1@1.0.1+fb0d9b0e95, fabric-containers-v0@0.1.8+045df74f95, fabric-object-builder-api-v1@1.7.0+432ea18895, fabric-item-api-v1@1.1.0+29679fd695, fabric-crash-report-info-v1@0.1.2+b7f9825d95, fabric-events-interaction-v0@0.4.0+e2e6cdad95, fabric-game-rule-api-v1@1.0.1+91555cd195, fabric-api-base@0.1.3+12a8474c95, fabric-rendering-v0@1.1.0+5341049095, fabric-key-binding-api-v1@1.0.1+730711c695, fabric-rendering-v1@1.3.0+432ea18895, fabric-rendering-data-attachment-v1@0.1.3+b7f9825d95, fabric-resource-loader-v0@0.3.1+facf3bbf95, fabric-textures-v0@1.0.4+eae12eb895, fabric-content-registries-v0@0.1.9+059ea86695, fabric-tag-extensions-v0@1.0.3+ac8e8c5995, fabric-rendering-fluids-v1@0.1.11+fb0d9b0e95, fabric-commands-v0@0.2.0+52d3083695, fabric-registry-sync-v0@0.4.5+fcdfdfa195, fabric-blockrenderlayer-v1@1.1.4+c6a8ea8995, fabric-lifecycle-events-v1@1.2.0+74cc3b2095, fabric-mining-levels-v0@0.1.2+b764ce9995, fabric-renderer-registries-v1@2.1.0+e2862de695, fabric-loot-tables-v1@1.0.1+432ea18895, fabric-events-lifecycle-v0@0.2.0+16acbe5b95, fabric@0.20.2+build.402-1.16, fabric-models-v0@0.1.0+dfdb52d695, fabric-item-groups-v0@0.2.0+438f963695, fabric-particles-v1@0.2.2+fb0d9b0e95, fabric-networking-v0@0.1.10+e00ecb5f95, fabric-object-builders-v0@0.7.0+432ea18895
[13:46:26] [main/INFO] (mixin) SpongePowered MIXIN Subsystem Version=0.8.1 Source=file:/C:/Users/Matteo/.gradle/caches/modules-2/files-2.1/net.fabricmc/sponge-mixin/0.8.1+build.21/94da90bdbee9f95bf6d6c41ca87943419a0b5624/sponge-mixin-0.8.1+build.21.jar Service=Knot/Fabric Env=CLIENT
[13:46:27] [main/INFO] (Fabric|MixinBootstrap) Loaded Fabric development mappings for mixin remapper!
[13:46:27] [main/INFO] (mixin) Remapping refMap fabric-networking-v0-refmap.json using remapper chain
[13:46:27] [main/INFO] (mixin) Remapping refMap fabric-networking-blockentity-v0-refmap.json using remapper chain
[13:46:27] [main/INFO] (mixin) Remapping refMap fabric-screen-handler-api-v1-refmap.json using remapper chain
[13:46:27] [main/INFO] (mixin) Remapping refMap fabric-lifecycle-events-v1-refmap.json using remapper chain
[13:46:27] [main/INFO] (mixin) Remapping refMap fabric-containers-v0-refmap.json using remapper chain
[13:46:27] [main/INFO] (mixin) Remapping refMap fabric-renderer-indigo-refmap.json using remapper chain
[13:46:27] [main/INFO] (mixin) Remapping refMap fabric-rendering-data-attachment-v1-refmap.json using remapper chain
[13:46:27] [main/INFO] (mixin) Remapping refMap fabric-structure-api-v1-refmap.json using remapper chain
[13:46:27] [main/INFO] (mixin) Remapping refMap fabric-item-api-v1-refmap.json using remapper chain
[13:46:27] [main/INFO] (mixin) Remapping refMap fabric-events-interaction-v0-refmap.json using remapper chain
[13:46:27] [main/INFO] (mixin) Remapping refMap fabric-loot-tables-v1-refmap.json using remapper chain
[13:46:27] [main/INFO] (mixin) Remapping refMap fabric-object-builder-api-v1-refmap.json using remapper chain
[13:46:27] [main/INFO] (mixin) Remapping refMap fabric-renderer-registries-v1-refmap.json using remapper chain
[13:46:27] [main/INFO] (mixin) Remapping refMap fabric-textures-v0-refmap.json using remapper chain
[13:46:27] [main/INFO] (mixin) Remapping refMap fabric-registry-sync-v0-refmap.json using remapper chain
[13:46:27] [main/INFO] (mixin) Remapping refMap fabric-models-v0-refmap.json using remapper chain
[13:46:27] [main/INFO] (mixin) Remapping refMap fabric-blockrenderlayer-v1-refmap.json using remapper chain
[13:46:27] [main/INFO] (mixin) Remapping refMap fabric-renderer-api-v1-refmap.json using remapper chain
[13:46:27] [main/INFO] (mixin) Remapping refMap fabric-containers-v0-refmap.json using remapper chain
[13:46:27] [main/INFO] (mixin) Remapping refMap fabric-rendering-fluids-v1-refmap.json using remapper chain
[13:46:27] [main/INFO] (mixin) Remapping refMap fabric-resource-loader-v0-refmap.json using remapper chain
[13:46:27] [main/INFO] (mixin) Remapping refMap fabric-game-rule-api-v1-refmap.json using remapper chain
[13:46:27] [main/INFO] (mixin) Remapping refMap fabric-particles-v1-refmap.json using remapper chain
[13:46:27] [main/INFO] (mixin) Remapping refMap fabric-object-builders-refmap.json using remapper chain
[13:46:27] [main/INFO] (mixin) Remapping refMap fabric-tag-extensions-v0-refmap.json using remapper chain
[13:46:27] [main/INFO] (mixin) Remapping refMap fabric-tool-attribute-api-v1-refmap.json using remapper chain
[13:46:27] [main/INFO] (mixin) Remapping refMap fabric-rendering-v1-refmap.json using remapper chain
[13:46:27] [main/INFO] (mixin) Remapping refMap fabric-item-groups-v0-refmap.json using remapper chain
[13:46:27] [main/INFO] (mixin) Remapping refMap fabric-content-registries-v0-refmap.json using remapper chain
[13:46:27] [main/INFO] (mixin) Remapping refMap fabric-command-api-v1-refmap.json using remapper chain
[13:46:27] [main/INFO] (mixin) Remapping refMap fabric-crash-report-info-v1-refmap.json using remapper chain
[13:46:27] [main/INFO] (mixin) Remapping refMap fabric-key-binding-api-v1-refmap.json using remapper chain
[13:46:27] [main/INFO] (mixin) Remapping refMap fabric-renderer-api-v1-refmap.json using remapper chain
[13:46:27] [main/WARN] (mixin) @Mixin target net/minecraft/server/world/ThreadedAnvilChunkStorage$EntityTracker is public in fabric-networking-v0.mixins.json:MixinEntityTracker and should be specified in value
[13:46:27] [main/WARN] (mixin) @Mixin target net/minecraft/client/render/block/BlockModelRenderer$AmbientOcclusionCalculator is public in fabric-renderer-indigo.mixins.json:MixinAmbientOcclusionCalculator and should be specified in value
[13:46:27] [main/WARN] (mixin) @Mixin target net/minecraft/client/render/chunk/ChunkBuilder$BuiltChunk$RebuildTask is public in fabric-renderer-indigo.mixins.json:MixinChunkRebuildTask and should be specified in value
[13:46:27] [main/WARN] (mixin) @Mixin target net/minecraft/server/command/GameRuleCommand$1 is public in fabric-game-rule-api-v1.mixins.json:GameRuleCommandVisitorMixin and should be specified in value
[13:46:27] [main/WARN] (mixin) @Mixin target net/minecraft/client/gui/screen/world/EditGameRulesScreen$RuleListWidget$1 is public in fabric-game-rule-api-v1.mixins.json:client.RuleListWidgetVisitorMixin and should be specified in value
[13:46:27] [main/WARN] (mixin) @Mixin target net/minecraft/client/particle/ParticleManager$SimpleSpriteProvider is public in fabric-particles-v1.mixins.json:ParticleManagerAccessor$SimpleSpriteProviderAccessor and should be specified in value
[13:46:27] [main/WARN] (mixin) @Mixin target net/minecraft/tag/Tag$1 is public in fabric-tag-extensions-v0.mixins.json:MixinTagImpl and should be specified in value
[13:46:27] [main/WARN] (mixin) @Mixin target net/minecraft/tag/RequiredTagList$TagWrapper is public in fabric-tag-extensions-v0.mixins.json:MixinTagImpl and should be specified in value
[13:46:30] [main/INFO] (Minecraft) Environment: authHost='https://authserver.mojang.com', accountsHost='https://api.mojang.com', sessionHost='https://sessionserver.mojang.com', name='PROD'
[13:46:30] [main/INFO] (Minecraft) Setting user: Player620
[13:46:30] [main/INFO] (Indigo) [Indigo] Registering Indigo renderer!
[13:46:30] [main/INFO] (Minecraft) Backend library: LWJGL version 3.2.2 build 10
[13:46:32] [main/INFO] (Minecraft) Narrator library for x64 successfully loaded
[13:46:32] [main/INFO] (Minecraft) Reloading ResourceManager: Default, Fabric Networking Block Entity (v0), Fabric Renderer API (v1), Fabric Screen Handler API (v1), Fabric Key Bindings (v0), Fabric Loader, Launchers, Fabric Tool Attribute API (v1), Fabric Renderer - Indigo, Fabric Containers (v0), Fabric Object Builder API (v1), Fabric Item API (v1), Fabric Crash Report Info (v1), Fabric Events Interaction (v0), Fabric Game Rule API (v1), Fabric API Base, Fabric Rendering (v0), Fabric Key Binding API (v1), Fabric Rendering (v1), Fabric Rendering Data Attachment (v1), Fabric Resource Loader (v0), Fabric Textures (v0), Fabric Content Registries (v0), Fabric Tag Extensions (v0), Fabric Rendering Fluids (v1), Fabric Registry Sync (v0), Fabric BlockRenderLayer Registration (v1), Fabric Lifecycle Events (v1), Fabric Mining Levels (v0), Fabric Renderer Registries (v1), Fabric Loot Tables (v1), Fabric Events Lifecycle (v0), Fabric API, Fabric Models (v0), Fabric Item Groups (v0), Fabric Networking (v0), Fabric Object Builders (v0)
[13:46:33] [Realms Notification Availability checker #1/INFO] (Minecraft) Could not authorize you against Realms server: Invalid session id
[13:46:36] [main/INFO] (Minecraft) OpenAL initialized.
[13:46:36] [main/INFO] (Minecraft) Sound engine started
[13:46:36] [main/INFO] (Minecraft) Created: 1024x1024x4 minecraft:textures/atlas/blocks.png-atlas
[13:46:36] [main/INFO] (Minecraft) Created: 256x128x4 minecraft:textures/atlas/signs.png-atlas
[13:46:36] [main/INFO] (Minecraft) Created: 1024x512x4 minecraft:textures/atlas/banner_patterns.png-atlas
[13:46:36] [main/INFO] (Minecraft) Created: 1024x512x4 minecraft:textures/atlas/shield_patterns.png-atlas
[13:46:36] [main/INFO] (Minecraft) Created: 256x256x4 minecraft:textures/atlas/chest.png-atlas
[13:46:36] [main/INFO] (Minecraft) Created: 512x256x4 minecraft:textures/atlas/beds.png-atlas
[13:46:36] [main/INFO] (Minecraft) Created: 512x256x4 minecraft:textures/atlas/shulker_boxes.png-atlas
[13:46:37] [main/INFO] (Minecraft) Created: 256x256x0 minecraft:textures/atlas/particles.png-atlas
[13:46:37] [main/INFO] (Minecraft) Created: 256x256x0 minecraft:textures/atlas/paintings.png-atlas
[13:46:37] [main/INFO] (Minecraft) Created: 256x128x0 minecraft:textures/atlas/mob_effects.png-atlas
[13:46:46] [main/WARN] (Minecraft) Ambiguity between arguments [teleport, destination] and [teleport, targets] with inputs: [Player, 0123, @e, dd12be42-52a9-4a91-a8a1-11c01849e498]
[13:46:46] [main/WARN] (Minecraft) Ambiguity between arguments [teleport, location] and [teleport, destination] with inputs: [0.1 -0.5 .9, 0 0 0]
[13:46:46] [main/WARN] (Minecraft) Ambiguity between arguments [teleport, location] and [teleport, targets] with inputs: [0.1 -0.5 .9, 0 0 0]
[13:46:46] [main/WARN] (Minecraft) Ambiguity between arguments [teleport, targets] and [teleport, destination] with inputs: [Player, 0123, dd12be42-52a9-4a91-a8a1-11c01849e498]
[13:46:46] [main/WARN] (Minecraft) Ambiguity between arguments [teleport, targets, location] and [teleport, targets, destination] with inputs: [0.1 -0.5 .9, 0 0 0]
[13:46:46] [main/INFO] (Minecraft) Reloading ResourceManager: Default, Launchers, Fabric Tool Attribute API (v1)
[13:46:46] [main/INFO] (Minecraft) Loaded 7 recipes
[13:46:47] [main/INFO] (Minecraft) Loaded 927 advancements
[13:46:47] [main/INFO] (Minecraft) Environment: authHost='https://authserver.mojang.com', accountsHost='https://api.mojang.com', sessionHost='https://sessionserver.mojang.com', name='PROD'
[13:46:47] [Server thread/INFO] (Minecraft) Starting integrated minecraft server version 1.16.3
[13:46:47] [Server thread/INFO] (Minecraft) Generating keypair
[13:46:49] [Server thread/INFO] (Minecraft) Preparing start region for dimension minecraft:overworld
[13:46:49] [main/INFO] (Minecraft) Preparing spawn area: 0%
[13:46:50] [main/INFO] (Minecraft) Preparing spawn area: 0%
[13:46:50] [main/INFO] (Minecraft) Preparing spawn area: 0%
[13:46:51] [main/INFO] (Minecraft) Preparing spawn area: 3%
[13:46:51] [main/INFO] (Minecraft) Preparing spawn area: 8%
[13:46:52] [main/INFO] (Minecraft) Preparing spawn area: 15%
[13:46:52] [main/INFO] (Minecraft) Preparing spawn area: 23%
[13:46:53] [main/INFO] (Minecraft) Preparing spawn area: 29%
[13:46:53] [main/INFO] (Minecraft) Preparing spawn area: 39%
[13:46:54] [main/INFO] (Minecraft) Preparing spawn area: 46%
[13:46:54] [main/INFO] (Minecraft) Preparing spawn area: 50%
[13:46:55] [main/INFO] (Minecraft) Preparing spawn area: 62%
[13:46:55] [main/INFO] (Minecraft) Preparing spawn area: 70%
[13:46:56] [main/INFO] (Minecraft) Preparing spawn area: 76%
[13:46:56] [main/INFO] (Minecraft) Preparing spawn area: 86%
[13:46:57] [main/INFO] (Minecraft) Preparing spawn area: 93%
[13:46:57] [main/INFO] (Minecraft) Time elapsed: 7950 ms
[13:46:57] [Server thread/INFO] (Minecraft) Changing view distance to 11, from 10
[13:46:58] [Server thread/INFO] (Minecraft) Player620[local:E:ae87a394] logged in with entity id 276 at (-168.5, 67.0, 34.5)
[13:46:58] [Server thread/INFO] (Minecraft) Player620 joined the game
[13:46:59] [Server thread/INFO] (Minecraft) Saving and pausing game...
[13:46:59] [Server thread/INFO] (Minecraft) Saving chunks for level 'ServerLevel[New World]'/minecraft:overworld
[13:46:59] [main/INFO] (Minecraft) Loaded 0 advancements
[13:46:59] [Server thread/INFO] (Minecraft) Saving chunks for level 'ServerLevel[New World]'/minecraft:the_nether
[13:46:59] [Server thread/INFO] (Minecraft) Saving chunks for level 'ServerLevel[New World]'/minecraft:the_end
[13:47:08] [Server thread/INFO] (Minecraft) Saving and pausing game...
[13:47:09] [Server thread/INFO] (Minecraft) Saving chunks for level 'ServerLevel[New World]'/minecraft:overworld
[13:47:09] [Server thread/INFO] (Minecraft) Saving chunks for level 'ServerLevel[New World]'/minecraft:the_nether
[13:47:09] [Server thread/INFO] (Minecraft) Saving chunks for level 'ServerLevel[New World]'/minecraft:the_end
[13:47:13] [Server thread/INFO] (Minecraft) Player620 lost connection: Disconnected
[13:47:13] [Server thread/INFO] (Minecraft) Player620 left the game
[13:47:13] [Server thread/INFO] (Minecraft) Stopping singleplayer server as player logged out
[13:47:13] [Server thread/INFO] (Minecraft) Stopping server
[13:47:13] [Server thread/INFO] (Minecraft) Saving players
[13:47:13] [Server thread/INFO] (Minecraft) Saving worlds
[13:47:13] [Server thread/INFO] (Minecraft) Saving chunks for level 'ServerLevel[New World]'/minecraft:overworld
[13:47:14] [Server thread/INFO] (Minecraft) ThreadedAnvilChunkStorage (New World): All chunks are saved
[13:47:14] [Server thread/INFO] (Minecraft) Saving chunks for level 'ServerLevel[New World]'/minecraft:the_nether
[13:47:14] [Server thread/INFO] (Minecraft) ThreadedAnvilChunkStorage (DIM-1): All chunks are saved
[13:47:14] [Server thread/INFO] (Minecraft) Saving chunks for level 'ServerLevel[New World]'/minecraft:the_end
[13:47:14] [Server thread/INFO] (Minecraft) ThreadedAnvilChunkStorage (DIM1): All chunks are saved
[13:47:14] [Server thread/INFO] (Minecraft) ThreadedAnvilChunkStorage (New World): All chunks are saved
[13:47:14] [Server thread/INFO] (Minecraft) ThreadedAnvilChunkStorage (DIM-1): All chunks are saved
[13:47:14] [Server thread/INFO] (Minecraft) ThreadedAnvilChunkStorage (DIM1): All chunks are saved
[13:47:16] [main/INFO] (Minecraft) Attempt 1...
[13:47:19] [main/WARN] (Minecraft) Ambiguity between arguments [teleport, destination] and [teleport, targets] with inputs: [Player, 0123, @e, dd12be42-52a9-4a91-a8a1-11c01849e498]
[13:47:19] [main/WARN] (Minecraft) Ambiguity between arguments [teleport, location] and [teleport, destination] with inputs: [0.1 -0.5 .9, 0 0 0]
[13:47:19] [main/WARN] (Minecraft) Ambiguity between arguments [teleport, location] and [teleport, targets] with inputs: [0.1 -0.5 .9, 0 0 0]
[13:47:19] [main/WARN] (Minecraft) Ambiguity between arguments [teleport, targets] and [teleport, destination] with inputs: [Player, 0123, dd12be42-52a9-4a91-a8a1-11c01849e498]
[13:47:19] [main/WARN] (Minecraft) Ambiguity between arguments [teleport, targets, location] and [teleport, targets, destination] with inputs: [0.1 -0.5 .9, 0 0 0]
[13:47:19] [main/INFO] (Minecraft) Reloading ResourceManager: Default, Launchers, Fabric Tool Attribute API (v1)
[13:47:20] [main/INFO] (Minecraft) Loaded 7 recipes
[13:47:20] [main/INFO] (Minecraft) Loaded 927 advancements
[13:47:21] [main/INFO] (Minecraft) Environment: authHost='https://authserver.mojang.com', accountsHost='https://api.mojang.com', sessionHost='https://sessionserver.mojang.com', name='PROD'
[13:47:21] [Server thread/INFO] (Minecraft) Starting integrated minecraft server version 1.16.3
[13:47:21] [Server thread/INFO] (Minecraft) Generating keypair
[13:47:22] [Server thread/INFO] (Minecraft) Preparing start region for dimension minecraft:overworld
[13:47:22] [main/INFO] (Minecraft) Preparing spawn area: 0%
[13:47:23] [main/INFO] (Minecraft) Preparing spawn area: 5%
[13:47:23] [main/INFO] (Minecraft) Preparing spawn area: 13%
[13:47:24] [main/INFO] (Minecraft) Preparing spawn area: 21%
[13:47:24] [main/INFO] (Minecraft) Preparing spawn area: 28%
[13:47:25] [main/INFO] (Minecraft) Preparing spawn area: 34%
[13:47:25] [main/INFO] (Minecraft) Preparing spawn area: 41%
[13:47:26] [main/INFO] (Minecraft) Preparing spawn area: 48%
[13:47:26] [main/INFO] (Minecraft) Preparing spawn area: 55%
[13:47:27] [main/INFO] (Minecraft) Preparing spawn area: 62%
[13:47:27] [main/INFO] (Minecraft) Preparing spawn area: 69%
[13:47:28] [main/INFO] (Minecraft) Preparing spawn area: 77%
[13:47:28] [main/INFO] (Minecraft) Preparing spawn area: 84%
[13:47:29] [main/INFO] (Minecraft) Preparing spawn area: 92%
[13:47:29] [main/INFO] (Minecraft) Preparing spawn area: 99%
[13:47:29] [main/INFO] (Minecraft) Time elapsed: 7050 ms
[13:47:29] [Server thread/INFO] (Minecraft) Changing view distance to 11, from 10
[13:47:29] [Server thread/INFO] (Minecraft) Player620[local:E:91c4ae06] logged in with entity id 988 at (115.5, 66.0, 70.5)
[13:47:29] [Server thread/INFO] (Minecraft) Player620 joined the game
[13:47:30] [Server thread/INFO] (Minecraft) Saving and pausing game...
[13:47:30] [Server thread/INFO] (Minecraft) Saving chunks for level 'ServerLevel[New World]'/minecraft:overworld
[13:47:30] [main/INFO] (Minecraft) Loaded 0 advancements
[13:47:30] [Server thread/INFO] (Minecraft) Saving chunks for level 'ServerLevel[New World]'/minecraft:the_nether
[13:47:30] [Server thread/INFO] (Minecraft) Saving chunks for level 'ServerLevel[New World]'/minecraft:the_end
[13:47:36] [Server thread/INFO] (Minecraft) <Player620> t
[13:47:36] [main/INFO] (Minecraft) [CHAT] <Player620> t
[13:47:54] [Server thread/INFO] (Minecraft) Saving and pausing game...
[13:47:54] [Server thread/INFO] (Minecraft) Saving chunks for level 'ServerLevel[New World]'/minecraft:overworld
[13:47:54] [Server thread/INFO] (Minecraft) Saving chunks for level 'ServerLevel[New World]'/minecraft:the_nether
[13:47:54] [Server thread/INFO] (Minecraft) Saving chunks for level 'ServerLevel[New World]'/minecraft:the_end
[13:48:18] [Server thread/INFO] (Minecraft) Saving and pausing game...
[13:48:18] [Server thread/INFO] (Minecraft) Saving chunks for level 'ServerLevel[New World]'/minecraft:overworld
[13:48:18] [Server thread/INFO] (Minecraft) Saving chunks for level 'ServerLevel[New World]'/minecraft:the_nether
[13:48:18] [Server thread/INFO] (Minecraft) Saving chunks for level 'ServerLevel[New World]'/minecraft:the_end
[13:48:30] [main/INFO] (Minecraft) [CHAT] \nStack: \ne\ne\nl\nl\nForce: 7.8138127
[13:48:32] [Server thread/INFO] (Minecraft) Saving and pausing game...
[13:48:32] [Server thread/INFO] (Minecraft) Saving chunks for level 'ServerLevel[New World]'/minecraft:overworld
[13:48:32] [Server thread/INFO] (Minecraft) Saving chunks for level 'ServerLevel[New World]'/minecraft:the_nether
[13:48:32] [Server thread/INFO] (Minecraft) Saving chunks for level 'ServerLevel[New World]'/minecraft:the_end
[13:48:32] [main/INFO] (Minecraft) Stopping!
[13:48:32] [Server thread/INFO] (Minecraft) Player620 lost connection: Disconnected
[13:48:32] [Server thread/INFO] (Minecraft) Player620 left the game
[13:48:32] [Server thread/INFO] (Minecraft) Stopping singleplayer server as player logged out
[13:48:32] [Server thread/INFO] (Minecraft) Stopping server
[13:48:32] [Server thread/INFO] (Minecraft) Saving players
[13:48:32] [Server thread/INFO] (Minecraft) Saving worlds
[13:48:32] [Server thread/INFO] (Minecraft) Saving chunks for level 'ServerLevel[New World]'/minecraft:overworld
[13:48:33] [Server thread/INFO] (Minecraft) ThreadedAnvilChunkStorage (New World): All chunks are saved
[13:48:33] [Server thread/INFO] (Minecraft) Saving chunks for level 'ServerLevel[New World]'/minecraft:the_nether
[13:48:33] [Server thread/INFO] (Minecraft) ThreadedAnvilChunkStorage (DIM-1): All chunks are saved
[13:48:33] [Server thread/INFO] (Minecraft) Saving chunks for level 'ServerLevel[New World]'/minecraft:the_end
[13:48:33] [Server thread/INFO] (Minecraft) ThreadedAnvilChunkStorage (DIM1): All chunks are saved
[13:48:33] [Server thread/INFO] (Minecraft) ThreadedAnvilChunkStorage (New World): All chunks are saved
[13:48:33] [Server thread/INFO] (Minecraft) ThreadedAnvilChunkStorage (DIM-1): All chunks are saved
[13:48:33] [Server thread/INFO] (Minecraft) ThreadedAnvilChunkStorage (DIM1): All chunks are saved
